<?xml version="1.0" encoding="UTF-8"?>
<!-- Generated by org.testng.reporters.JUnitReportReporter -->
<testsuite hostname="Praveen-KVs-MacBook-Air.local" failures="0" tests="7" name="glue.gluewebapp.testcases.LoginTest" time="69.328" errors="0" timestamp="2024-08-22T11:00:58 IST" skipped="0">
  <testcase classname="glue.gluewebapp.testcases.LoginTest" name="emptyEmailLoginTest" time="8.625"/>
  <system-out/>
  <testcase classname="glue.gluewebapp.testcases.LoginTest" name="emptyPasswordLogin" time="3.340"/>
  <system-out/>
  <testcase classname="glue.gluewebapp.testcases.LoginTest" name="invalidEmailLoginTest" time="3.303"/>
  <system-out/>
  <testcase classname="glue.gluewebapp.testcases.LoginTest" name="invalidPasswordLoginTest" time="1.866"/>
  <system-out/>
  <testcase classname="glue.gluewebapp.testcases.LoginTest" name="eyeIconDisabledModeTest" time="9.252"/>
  <system-out/>
  <testcase classname="glue.gluewebapp.testcases.LoginTest" name="eyeIconEnableModeTest" time="1.171"/>
  <system-out/>
  <testcase classname="glue.gluewebapp.testcases.LoginTest" name="validLoginScenario" time="41.771"/>
  <system-out/>
</testsuite> <!-- glue.gluewebapp.testcases.LoginTest -->
