<?xml version="1.0" encoding="UTF-8"?>
<!-- Generated by org.testng.reporters.JUnitReportReporter -->
<testsuite hostname="Praveen-KVs-MacBook-Air.local" failures="0" tests="7" name="glue.gluewebapp.testcases.LoginTest" time="63.211" errors="0" timestamp="2024-08-22T00:24:36 IST" skipped="0">
  <testcase classname="glue.gluewebapp.testcases.LoginTest" name="emptyEmailLoginTest" time="8.270"/>
  <system-out/>
  <testcase classname="glue.gluewebapp.testcases.LoginTest" name="emptyPasswordLogin" time="3.830"/>
  <system-out/>
  <testcase classname="glue.gluewebapp.testcases.LoginTest" name="invalidEmailLoginTest" time="2.220"/>
  <system-out/>
  <testcase classname="glue.gluewebapp.testcases.LoginTest" name="invalidPasswordLoginTest" time="9.817"/>
  <system-out/>
  <testcase classname="glue.gluewebapp.testcases.LoginTest" name="eyeIconDisabledModeTest" time="0.559"/>
  <system-out/>
  <testcase classname="glue.gluewebapp.testcases.LoginTest" name="eyeIconEnableModeTest" time="1.145"/>
  <system-out/>
  <testcase classname="glue.gluewebapp.testcases.LoginTest" name="validLoginScenario" time="37.370"/>
  <system-out/>
</testsuite> <!-- glue.gluewebapp.testcases.LoginTest -->
