<?xml version="1.0" encoding="UTF-8"?>
<!-- Generated by org.testng.reporters.JUnitReportReporter -->
<testsuite hostname="LAPTOP-M2DO8JV9" failures="0" tests="7" name="glue.gluewebapp.testcases.LoginTest" time="6.827" errors="0" timestamp="2024-08-08T21:08:24 IST" skipped="0">
  <testcase classname="glue.gluewebapp.testcases.LoginTest" name="emptyEmailLoginTest" time="0.674"/>
  <system-out/>
  <testcase classname="glue.gluewebapp.testcases.LoginTest" name="emptyPasswordLogin" time="0.669"/>
  <system-out/>
  <testcase classname="glue.gluewebapp.testcases.LoginTest" name="invalidEmailLoginTest" time="1.224"/>
  <system-out/>
  <testcase classname="glue.gluewebapp.testcases.LoginTest" name="invalidPasswordLoginTest" time="1.270"/>
  <system-out/>
  <testcase classname="glue.gluewebapp.testcases.LoginTest" name="eyeIconDisabledModeTest" time="0.783"/>
  <system-out/>
  <testcase classname="glue.gluewebapp.testcases.LoginTest" name="eyeIconEnableModeTest" time="0.588"/>
  <system-out/>
  <testcase classname="glue.gluewebapp.testcases.LoginTest" name="validLoginScenario" time="1.619"/>
  <system-out/>
</testsuite> <!-- glue.gluewebapp.testcases.LoginTest -->
